     1                                 %line 1+1 address_and_lea.asm
     2                                 
     3                                 
     4                                 
     5                                 
     6                                 
     7                                 
     8                                 
     9                                 
    10                                 [segment .data]
    11 00000000 6500000000000000       foo dq 0x65
    12                                 [segment .text]
    13                                 [global _start]
    14                                 
    15                                 _start:
    16 00000000 90                      nop
    17 00000001 48C7C0[00000000]        mov rax,foo
    18 00000008 488B0425[00000000]      mov rax,[foo]
    19 00000010 488D0425[00000000]      lea rax,[foo]
    20 00000018 488D80[00000000]        lea rax,[foo+rax]
    21 0000001F 488D0440                lea rax,[rax+rax*2]
    22                                 _exit:
    23 00000023 B801000000              mov eax,1
    24 00000028 BB00000000              mov ebx,0
    25 0000002D CD80                    int 0x80
    26                                 
