     1                                 %line 1+1 systemcall64.asm
     2                                 
     3                                 
     4                                 [segment .data]
     5                                 
     6 00000000 48656C6C6F2C776F72-    hello: db "Hello,world!",0x0a
     7 00000000 6C64210A           
     8                                 [segment .text]
     9                                 [global _start]
    10                                 _start:
    11 00000000 48C7C001000000          mov rax,1
    12 00000007 48C7C701000000          mov rdi,1
    13 0000000E 488D3425[00000000]      lea rsi,[hello]
    14 00000016 48C7C20E000000          mov rdx,14
    15 0000001D 0F05                    syscall
    16                                 _exit:
    17 0000001F 48C7C03C000000          mov rax,60
    18 00000026 48C7C700000000          mov rdi,0
    19 0000002D 0F05                    syscall
    20                                 
